<?xml version="1.0" encoding="UTF-8"?>
<testng-results ignored="0" total="1" passed="1" failed="0" skipped="0">
  <reporter-output>
  </reporter-output>
  <suite started-at="2024-04-11T18:18:34 IST" name="Default suite" finished-at="2024-04-11T18:20:03 IST" duration-ms="88728">
    <groups>
    </groups>
    <test started-at="2024-04-11T18:18:34 IST" name="Default test" finished-at="2024-04-11T18:20:03 IST" duration-ms="88728">
      <class name="LambdaTest.Scenarios.Scenario3">
        <test-method signature="test()[pri:0, instance:LambdaTest.Scenarios.Scenario3@3427b02d]" started-at="2024-04-11T18:18:34 IST" name="test" finished-at="2024-04-11T18:20:03 IST" duration-ms="88676" status="PASS">
          <reporter-output>
          </reporter-output>
        </test-method> <!-- test -->
      </class> <!-- LambdaTest.Scenarios.Scenario3 -->
    </test> <!-- Default test -->
  </suite> <!-- Default suite -->
</testng-results>
